<?xml version="1.0" encoding="UTF-8"?>
<!-- Generated by org.testng.reporters.JUnitReportReporter -->
<testsuite hostname="Garima" failures="0" tests="1" name="SeleniumPackage2.SeleniumProject2.Registration_to_cleartrip" time="22.039" errors="0" timestamp="2024-11-25T23:01:41 IST" skipped="0">
  <testcase classname="SeleniumPackage2.SeleniumProject2.Registration_to_cleartrip" name="testcase_1" time="22.039"/>
  <system-out>
    <![CDATA[My test case is passed]]>
  </system-out>
</testsuite> <!-- SeleniumPackage2.SeleniumProject2.Registration_to_cleartrip -->
