<?xml version="1.0" encoding="UTF-8"?>
<!-- Generated by org.testng.reporters.JUnitReportReporter -->
<testsuite hostname="Garima" failures="0" tests="1" name="SeleniumPackage2.SeleniumProject2.Login_searchflight_logout" time="35.376" errors="0" timestamp="2024-11-22T18:29:11 IST" skipped="0">
  <testcase classname="SeleniumPackage2.SeleniumProject2.Login_searchflight_logout" name="method12" time="35.376"/>
  <system-out>
    <![CDATA[My test case is passed]]>
  </system-out>
</testsuite> <!-- SeleniumPackage2.SeleniumProject2.Login_searchflight_logout -->
