<?xml version="1.0" encoding="UTF-8"?>
<!-- Generated by org.testng.reporters.JUnitReportReporter -->
<testsuite hostname="Garima" failures="0" tests="1" name="SeleniumPackage2.SeleniumProject2.Login_with_invalid_credentials" time="20.609" errors="0" timestamp="2024-11-25T23:03:19 IST" skipped="0">
  <testcase classname="SeleniumPackage2.SeleniumProject2.Login_with_invalid_credentials" name="login_invalid" time="20.609"/>
  <system-out>
    <![CDATA[My test case is passed]]>
  </system-out>
</testsuite> <!-- SeleniumPackage2.SeleniumProject2.Login_with_invalid_credentials -->
