<?xml version="1.0" encoding="UTF-8"?>
<!-- Generated by org.testng.reporters.JUnitReportReporter -->
<testsuite hostname="Garima" failures="0" tests="1" name="SeleniumPackage2.SeleniumProject2.Search_result_for_different_classes" time="46.328" errors="0" timestamp="2024-11-22T13:47:38 IST" skipped="0">
  <testcase classname="SeleniumPackage2.SeleniumProject2.Search_result_for_different_classes" name="method6" time="46.328"/>
  <system-out>
    <![CDATA[My test case is passed]]>
  </system-out>
</testsuite> <!-- SeleniumPackage2.SeleniumProject2.Search_result_for_different_classes -->
