<?xml version="1.0" encoding="UTF-8"?>
<!-- Generated by org.testng.reporters.JUnitReportReporter -->
<testsuite hostname="Garima" failures="0" tests="1" name="SeleniumPackage2.SeleniumProject2.Validate_systems_ability_to_handle_multiple_passengers_in_single_booking" time="53.394" errors="0" timestamp="2024-11-22T18:11:14 IST" skipped="0">
  <testcase classname="SeleniumPackage2.SeleniumProject2.Validate_systems_ability_to_handle_multiple_passengers_in_single_booking" name="method9" time="53.394"/>
  <system-out>
    <![CDATA[My test case is passed]]>
  </system-out>
</testsuite> <!-- SeleniumPackage2.SeleniumProject2.Validate_systems_ability_to_handle_multiple_passengers_in_single_booking -->
