<?xml version="1.0" encoding="UTF-8"?>
<!-- Generated by org.testng.reporters.JUnitReportReporter -->
<testsuite hostname="Garima" failures="0" tests="2" name="SeleniumPackage2.SeleniumProject2.Validation_of_details_on_Search_Result" time="87.804" errors="0" timestamp="2024-11-22T18:26:13 IST" skipped="1">
  <testcase classname="SeleniumPackage2.SeleniumProject2.Validation_of_details_on_Search_Result" name="method10" time="36.390"/>
  <system-out>
    <![CDATA[My test case is passed]]>
  </system-out>
  <testcase classname="SeleniumPackage2.SeleniumProject2.Validation_of_details_on_Search_Result" name="method10" time="51.414">
    <skipped/>
  </testcase> <!-- method10 -->
  <system-out/>
</testsuite> <!-- SeleniumPackage2.SeleniumProject2.Validation_of_details_on_Search_Result -->
