<?xml version="1.0" encoding="UTF-8"?>
<!-- Generated by org.testng.reporters.JUnitReportReporter -->
<testsuite hostname="Garima" failures="0" tests="1" name="SeleniumPackage2.SeleniumProject2.User_should_be_able_apply_couponcode" time="50.076" errors="0" timestamp="2024-11-22T18:39:20 IST" skipped="0">
  <testcase classname="SeleniumPackage2.SeleniumProject2.User_should_be_able_apply_couponcode" name="method13" time="50.076"/>
  <system-out>
    <![CDATA[My test case is passed]]>
  </system-out>
</testsuite> <!-- SeleniumPackage2.SeleniumProject2.User_should_be_able_apply_couponcode -->
