<?xml version="1.0" encoding="UTF-8"?>
<!-- Generated by org.testng.reporters.JUnitReportReporter -->
<testsuite hostname="Garima" failures="0" tests="1" name="SeleniumPackage2.SeleniumProject2.Seat_selection_check" time="38.308" errors="0" timestamp="2024-11-22T14:33:44 IST" skipped="0">
  <testcase classname="SeleniumPackage2.SeleniumProject2.Seat_selection_check" name="method8" time="38.308"/>
  <system-out>
    <![CDATA[My test case is passed]]>
  </system-out>
</testsuite> <!-- SeleniumPackage2.SeleniumProject2.Seat_selection_check -->
