<?xml version="1.0" encoding="UTF-8"?>
<!-- Generated by org.testng.reporters.JUnitReportReporter -->
<testsuite hostname="Garima" failures="0" tests="1" name="SeleniumPackage2.SeleniumProject2.Validate_paymentpage" time="69.250" errors="0" timestamp="2024-11-22T18:52:34 IST" skipped="0">
  <testcase classname="SeleniumPackage2.SeleniumProject2.Validate_paymentpage" name="method15" time="69.250"/>
  <system-out>
    <![CDATA[My test case is passed]]>
  </system-out>
</testsuite> <!-- SeleniumPackage2.SeleniumProject2.Validate_paymentpage -->
