<?xml version="1.0" encoding="UTF-8"?>
<!-- Generated by org.testng.reporters.JUnitReportReporter -->
<testsuite hostname="Garima" failures="0" tests="1" name="SeleniumPackage2.SeleniumProject2.Login_to_ClearTrip" time="22.533" errors="0" timestamp="2024-11-25T23:02:36 IST" skipped="0">
  <testcase classname="SeleniumPackage2.SeleniumProject2.Login_to_ClearTrip" name="login" time="22.533"/>
  <system-out>
    <![CDATA[My test case is passed]]>
  </system-out>
</testsuite> <!-- SeleniumPackage2.SeleniumProject2.Login_to_ClearTrip -->
