<?xml version="1.0" encoding="UTF-8"?>
<!-- Generated by org.testng.reporters.JUnitReportReporter -->
<testsuite hostname="Garima" failures="0" tests="1" name="SeleniumPackage2.SeleniumProject2.Search_functionality_RoundTrip_Flights" time="43.700" errors="0" timestamp="2024-11-22T13:22:11 IST" skipped="0">
  <testcase classname="SeleniumPackage2.SeleniumProject2.Search_functionality_RoundTrip_Flights" name="method5" time="43.700"/>
  <system-out>
    <![CDATA[My test case is passed]]>
  </system-out>
</testsuite> <!-- SeleniumPackage2.SeleniumProject2.Search_functionality_RoundTrip_Flights -->
